2025-12-05 11:35:00.082 [main] INFO  Freerouting v1.9.0 (build-date: 2023-10-30)
2025-12-05 11:35:01.751 [ForkJoinPool.commonPool-worker-1] INFO  New version available: v2.1.0
2025-12-05 11:40:04.180 [main] INFO  Freerouting v1.9.0 (build-date: 2023-10-30)
2025-12-05 11:40:04.280 [main] INFO  Settings were loaded from freerouting.json
2025-12-05 11:40:05.856 [ForkJoinPool.commonPool-worker-1] INFO  New version available: v2.1.0
2025-12-05 11:41:54.901 [AWT-EventQueue-0] INFO  Opening 'Vikingboard.dsn'...
2025-12-05 11:42:02.871 [Thread-25] INFO  Starting auto-routing...
2025-12-05 11:42:04.901 [Thread-25] INFO  Auto-routing was completed in 2,03 seconds.
2025-12-05 11:42:05.003 [Thread-25] INFO  Starting route optimization on 1 thread...
2025-12-05 11:42:05.217 [Thread-25] INFO  Route optimization was completed in 0,21 seconds.
2025-12-05 11:42:52.524 [AWT-EventQueue-0] INFO  Saving '/Users/taj/vikingboard/kicad/Vikingboard.frb'...
2025-12-05 11:45:56.734 [main] INFO  Freerouting v1.9.0 (build-date: 2023-10-30)
2025-12-05 11:45:56.865 [main] INFO  Settings were loaded from freerouting.json
2025-12-05 11:45:58.499 [ForkJoinPool.commonPool-worker-1] INFO  New version available: v2.1.0
2025-12-05 11:46:10.857 [AWT-EventQueue-0] INFO  Opening 'Vikingboard.frb'...
2025-12-05 11:46:49.832 [AWT-EventQueue-0] INFO  Saving 'Vikingboard.ses'...
2025-12-05 11:49:46.023 [Thread-23] INFO  Starting auto-routing...
2025-12-05 11:49:46.182 [Thread-23] INFO  Auto-routing was completed in 0,16 seconds.
2025-12-05 11:49:46.286 [Thread-23] INFO  Starting route optimization on 1 thread...
2025-12-05 11:49:46.530 [Thread-23] INFO  Route optimization was completed in 0,24 seconds.
2025-12-05 11:49:46.958 [Thread-33] INFO  Starting auto-routing...
2025-12-05 11:49:47.006 [Thread-33] INFO  Auto-routing was completed in 0,05 seconds.
2025-12-05 11:49:47.108 [Thread-33] INFO  Starting route optimization on 1 thread...
2025-12-05 11:49:47.299 [Thread-33] INFO  Route optimization was completed in 0,19 seconds.
2025-12-05 11:49:48.326 [Thread-43] INFO  Starting auto-routing...
2025-12-05 11:49:48.376 [Thread-43] INFO  Auto-routing was completed in 0,05 seconds.
2025-12-05 11:49:48.482 [Thread-43] INFO  Starting route optimization on 1 thread...
2025-12-05 11:49:48.679 [Thread-43] INFO  Route optimization was completed in 0,20 seconds.
2025-12-05 11:49:50.847 [AWT-EventQueue-0] INFO  Saving '/Users/taj/vikingboard/kicad/Vikingboard.frb'...
